# JRE version: 7.0_10-b18
# Java VM: Java HotSpot(TM) Client VM (23.6-b04 mixed mode, sharing windows-x86 )
Heap
 def new generation   total 4928K, used 711K [0x23fd0000, 0x24520000, 0x29520000)
  eden space 4416K,   4% used [0x23fd0000, 0x24001c88, 0x24420000)
  from space 512K, 100% used [0x24420000, 0x244a0000, 0x244a0000)
  to   space 512K,   0% used [0x244a0000, 0x244a0000, 0x24520000)
 tenured generation   total 10944K, used 1313K [0x29520000, 0x29fd0000, 0x33fd0000)
   the space 10944K,  12% used [0x29520000, 0x296685e8, 0x29668600, 0x29fd0000)
 compacting perm gen  total 12288K, used 1617K [0x33fd0000, 0x34bd0000, 0x37fd0000)
   the space 12288K,  13% used [0x33fd0000, 0x34164478, 0x34164600, 0x34bd0000)
    ro space 10240K,  42% used [0x37fd0000, 0x384108b0, 0x38410a00, 0x389d0000)
    rw space 12288K,  54% used [0x389d0000, 0x39050bf8, 0x39050c00, 0x395d0000)
GC Heap History (4 events):
Event: 1.702 GC heap before
{Heap before GC invocations=0 (full 0):
 def new generation   total 4928K, used 4298K [0x23fd0000, 0x24520000, 0x29520000)
  eden space 4416K,  97% used [0x23fd0000, 0x24402898, 0x24420000)
  from space 512K,   0% used [0x24420000, 0x24420000, 0x244a0000)
  to   space 512K,   0% used [0x244a0000, 0x244a0000, 0x24520000)
 tenured generation   total 10944K, used 0K [0x29520000, 0x29fd0000, 0x33fd0000)
   the space 10944K,   0% used [0x29520000, 0x29520000, 0x29520200, 0x29fd0000)
 compacting perm gen  total 12288K, used 843K [0x33fd0000, 0x34bd0000, 0x37fd0000)
   the space 12288K,   6% used [0x33fd0000, 0x340a2fe8, 0x340a3000, 0x34bd0000)
    ro space 10240K,  42% used [0x37fd0000, 0x384108b0, 0x38410a00, 0x389d0000)
    rw space 12288K,  54% used [0x389d0000, 0x39050bf8, 0x39050c00, 0x395d0000)
Event: 1.707 GC heap after
Heap after GC invocations=1 (full 0):
 def new generation   total 4928K, used 512K [0x23fd0000, 0x24520000, 0x29520000)
  eden space 4416K,   0% used [0x23fd0000, 0x23fd0000, 0x24420000)
  from space 512K, 100% used [0x244a0000, 0x24520000, 0x24520000)
  to   space 512K,   0% used [0x24420000, 0x24420000, 0x244a0000)
 tenured generation   total 10944K, used 626K [0x29520000, 0x29fd0000, 0x33fd0000)
   the space 10944K,   5% used [0x29520000, 0x295bcbc0, 0x295bcc00, 0x29fd0000)
 compacting perm gen  total 12288K, used 843K [0x33fd0000, 0x34bd0000, 0x37fd0000)
   the space 12288K,   6% used [0x33fd0000, 0x340a2fe8, 0x340a3000, 0x34bd0000)
    ro space 10240K,  42% used [0x37fd0000, 0x384108b0, 0x38410a00, 0x389d0000)
    rw space 12288K,  54% used [0x389d0000, 0x39050bf8, 0x39050c00, 0x395d0000)
}
Event: 8.896 GC heap before
{Heap before GC invocations=1 (full 0):
 def new generation   total 4928K, used 4928K [0x23fd0000, 0x24520000, 0x29520000)
  eden space 4416K, 100% used [0x23fd0000, 0x24420000, 0x24420000)
  from space 512K, 100% used [0x244a0000, 0x24520000, 0x24520000)
  to   space 512K,   0% used [0x24420000, 0x24420000, 0x244a0000)
 tenured generation   total 10944K, used 626K [0x29520000, 0x29fd0000, 0x33fd0000)
   the space 10944K,   5% used [0x29520000, 0x295bcbc0, 0x295bcc00, 0x29fd0000)
 compacting perm gen  total 12288K, used 1617K [0x33fd0000, 0x34bd0000, 0x37fd0000)
   the space 12288K,  13% used [0x33fd0000, 0x34164478, 0x34164600, 0x34bd0000)
    ro space 10240K,  42% used [0x37fd0000, 0x384108b0, 0x38410a00, 0x389d0000)
    rw space 12288K,  54% used [0x389d0000, 0x39050bf8, 0x39050c00, 0x395d0000)
Event: 8.903 GC heap after
Heap after GC invocations=2 (full 0):
 def new generation   total 4928K, used 512K [0x23fd0000, 0x24520000, 0x29520000)
  eden space 4416K,   0% used [0x23fd0000, 0x23fd0000, 0x24420000)
  from space 512K, 100% used [0x24420000, 0x244a0000, 0x244a0000)
  to   space 512K,   0% used [0x244a0000, 0x244a0000, 0x24520000)
 tenured generation   total 10944K, used 1313K [0x29520000, 0x29fd0000, 0x33fd0000)
   the space 10944K,  12% used [0x29520000, 0x296685e8, 0x29668600, 0x29fd0000)
 compacting perm gen  total 12288K, used 1617K [0x33fd0000, 0x34bd0000, 0x37fd0000)
   the space 12288K,  13% used [0x33fd0000, 0x34164478, 0x34164600, 0x34bd0000)
    ro space 10240K,  42% used [0x37fd0000, 0x384108b0, 0x38410a00, 0x389d0000)
    rw space 12288K,  54% used [0x389d0000, 0x39050bf8, 0x39050c00, 0x395d0000)
}

